<?xml version="1.0" encoding="UTF-8"?>
<testng-results skipped="0" failed="0" ignored="0" total="1" passed="1">
  <reporter-output>
  </reporter-output>
  <suite name="Suite" duration-ms="3799" started-at="2020-03-05T02:36:28Z" finished-at="2020-03-05T02:36:31Z">
    <groups>
    </groups>
    <test name="Test" duration-ms="3799" started-at="2020-03-05T02:36:28Z" finished-at="2020-03-05T02:36:31Z">
      <class name="com.qa.travel.testcases.TC01_LoginPageTest">
        <test-method status="PASS" signature="setUpSuite()[pri:0, instance:com.qa.travel.testcases.TC01_LoginPageTest@6093dd95]" name="setUpSuite" is-config="true" duration-ms="8" started-at="2020-03-05T02:36:28Z" finished-at="2020-03-05T02:36:28Z">
          <reporter-output>
          </reporter-output>
        </test-method> <!-- setUpSuite -->
        <test-method status="PASS" signature="setUpTest()[pri:0, instance:com.qa.travel.testcases.TC01_LoginPageTest@6093dd95]" name="setUpTest" is-config="true" duration-ms="1733" started-at="2020-03-05T02:36:28Z" finished-at="2020-03-05T02:36:29Z">
          <reporter-output>
          </reporter-output>
        </test-method> <!-- setUpTest -->
        <test-method status="PASS" signature="validateLoginApplicationTest()[pri:1, instance:com.qa.travel.testcases.TC01_LoginPageTest@6093dd95]" name="validateLoginApplicationTest" duration-ms="2050" started-at="2020-03-05T02:36:29Z" finished-at="2020-03-05T02:36:31Z">
          <reporter-output>
          </reporter-output>
        </test-method> <!-- validateLoginApplicationTest -->
        <test-method status="PASS" signature="tearDownSuite()[pri:0, instance:com.qa.travel.testcases.TC01_LoginPageTest@6093dd95]" name="tearDownSuite" is-config="true" duration-ms="77" started-at="2020-03-05T02:36:32Z" finished-at="2020-03-05T02:36:32Z">
          <reporter-output>
          </reporter-output>
        </test-method> <!-- tearDownSuite -->
      </class> <!-- com.qa.travel.testcases.TC01_LoginPageTest -->
    </test> <!-- Test -->
  </suite> <!-- Suite -->
</testng-results>
